MPASM 5.87                      ASCENSOR.ASM   6-16-2023  19:22:29         PAGE  1


LOC  OBJECT CODE     LINE SOURCE TEXT
  VALUE

                      00001 ;*------------------------------------------------------------------------------
                      00002 ;* Descripcion del Hardware: 
                      00003 ;* Display de 7 segmentos de catodo comun conectado
                      00004 ;* al puerto D. Motor conectado a los pines RC0 y RC1. Buzzer de llegada al piso
                      00005 ;* conectado al puerto RC2. Luz interna del ascensor al puerto RC3
                      00006 ;* Teclado matricial 4x4 conectado al puerto b.
                      00007 ;*------------------------------------------------------------------------------
                      00008 ; Autor: Franco Mamani
                      00009 ;*------------------------------------------------------------------------------
                      00010 ;*******************************************************************************
                      00011 
                      00012 ;****Encabezado****
                      00013     LIST P=16F887
                      00014     #INCLUDE "p16f887.inc"
                      00001         LIST
                      00002 
                      00003 ;==========================================================================
                      00004 ; Build date : Jan 06 2020
                      00005 ;  MPASM PIC16F887 processor include
                      00006 ; 
                      00007 ;  (c) Copyright 1999-2020 Microchip Technology, All rights reserved
                      00008 ;==========================================================================
                      00009 
                      00810         LIST
                      00015 
                      00016 ;****Configuracion General****
                      00017         ; CONFIG1
                      00018         ; __config 0x2FF1
2007   2FF1           00019             __CONFIG _CONFIG1, _FOSC_XT & _WDTE_OFF & _PWRTE_OFF & _MCLRE_ON & _CP_OFF & _CPD_OFF & _BOR
                            EN_ON & _IESO_ON & _FCMEN_ON & _LVP_OFF
                      00020         ; CONFIG2
                      00021         ; __config 0x3FFF
2008   3FFF           00022             __CONFIG _CONFIG2, _BOR4V_BOR40V & _WRT_OFF
                      00023 
                      00024 ;****Definicion de Variables****
Warning[207]: Found label after column 1. (SONANDO)
  00000001            00025         SONANDO     EQU     1
                      00026         CBLOCK  0x70
  00000070            00027         W_TEMP
  00000071            00028         STATUS_TEMP
  00000072            00029         PISO_ACTUAL     
  00000073            00030         PISO_OBJETIVO
  00000074            00031         FUNCIONANDO   ;Bandera para controlar si el Ascensor esta subiendo
  00000075            00032         SHIFTREG     ;registro auxiliar para controlar el teclado
  00000076            00033         TECLA_PRESIONADA   
  00000077            00034         PRESIONADO
  00000078            00035         DELAY1
  00000079            00036         DELAY2
  0000007A            00037         DELAY3
  0000007B            00038         CONTADOR_TECLADO
  0000007C            00039         CONTADOR_TIMER
  0000007D            00040         CONTADOR_PITS
                      00041         ENDC
MPASM 5.87                      ASCENSOR.ASM   6-16-2023  19:22:29         PAGE  2


LOC  OBJECT CODE     LINE SOURCE TEXT
  VALUE

                      00042 ;****Inicio del Micro****
                      00043         ORG 0x00
0000   2???           00044         GOTO    INICIO
                      00045         ORG 0x04
0004   2???           00046         GOTO    ISR_INICIO
                      00047         ORG 0x05
                      00048 
                      00049 
0005                  00050 INICIO  
                      00051         ;Configuracion de puertos de salida
                      00052         ;Configuracion del display
0005   1683 1303      00053         BANKSEL TRISD
Message[302]: Register in operand not in bank 0.  Ensure that bank bits are correct.
0007   0188           00054         CLRF    TRISD
                      00055         ;Configuracion puerto c. RC6 como salida por TX, y RC7 como entrada 
0008   3080           00056         MOVLW   b'10000000'
Message[302]: Register in operand not in bank 0.  Ensure that bank bits are correct.
0009   0087           00057         MOVWF   TRISC
                      00058         ;configuracion de entradas
000A   1683 1703      00059         BANKSEL ANSEL
Message[302]: Register in operand not in bank 0.  Ensure that bank bits are correct.
000C   0189           00060         CLRF    ANSELH
000D   30F0           00061         MOVLW   b'11110000' ;(RB0,RB3) Como salida, (RB4,RB7 como como entrada)
Message[302]: Register in operand not in bank 0.  Ensure that bank bits are correct.
000E   0086           00062         MOVWF   TRISB
                      00063         ;configuracion general
000F   1683 1303      00064         BANKSEL WPUB
0011   3007           00065         MOVLW   b'00000111' ;habilito pullups, configuro prescaler a 256, y lo asigno al TMR0
Message[302]: Register in operand not in bank 0.  Ensure that bank bits are correct.
0012   0081           00066         MOVWF   OPTION_REG
0013   30F0           00067         MOVLW   b'11110000'
Message[302]: Register in operand not in bank 0.  Ensure that bank bits are correct.
0014   0095           00068         MOVWF   WPUB
                      00069         ;configuracion de interrupciones
0015   3088           00070         MOVLW   b'10001000'; habilito interrupciones globales, rb. AQUI HABILITAR INTERRPCIONES POR PUER
                            TO SERIE SI SE PUEDE
0016   008B           00071         MOVWF   INTCON
0017   30F0           00072         MOVLW   b'11110000' ;interrupcion por puerto b solo a RB4,RB5,RB6,RB7
Message[302]: Register in operand not in bank 0.  Ensure that bank bits are correct.
0018   0096           00073         MOVWF   IOCB
                      00074         
                      00075 ;Programa principal
                      00076          ;inicializaciones
0019   1283 1303      00077          BANKSEL PORTD
001B   30F0           00078          MOVLW  b'11110000'
001C   0086           00079          MOVWF  PORTB
001D   0187           00080          CLRF   PORTC
001E   0188           00081          CLRF   PORTD
001F   01F2           00082          CLRF   PISO_ACTUAL
0020   1472           00083          BSF    PISO_ACTUAL,0
0021   01F3           00084          CLRF   PISO_OBJETIVO
0022   01F4           00085          CLRF   FUNCIONANDO
0023   01F5           00086          CLRF   SHIFTREG
MPASM 5.87                      ASCENSOR.ASM   6-16-2023  19:22:29         PAGE  3


LOC  OBJECT CODE     LINE SOURCE TEXT
  VALUE

0024   01F6           00087          CLRF   TECLA_PRESIONADA
0025   01F7           00088          CLRF   PRESIONADO
                      00089          ;queda mostrando el display
0026                  00090 LOOP_MAIN        
0026   1C77           00091          BTFSS  PRESIONADO,0
0027   2???           00092          GOTO   MOSTRAR
0028   300F           00093          MOVLW  .15
0029   0276           00094          SUBWF  TECLA_PRESIONADA,W
002A   1903           00095          BTFSC  STATUS,Z
002B   2???           00096          GOTO   EMERGENCIA
002C   1077           00097          BCF    PRESIONADO,0
002D   3005           00098          MOVLW  .5
002E   0276           00099          SUBWF  TECLA_PRESIONADA,W
002F   1803           00100          BTFSC  STATUS,C
0030   2???           00101          GOTO   VERIF2
0031   2???           00102          GOTO   TESTEAR
0032                  00103 VERIF2
0032   3009           00104          MOVLW  .9
0033   0276           00105          SUBWF  TECLA_PRESIONADA,W
0034   1803           00106          BTFSC  STATUS,C
0035   2???           00107          GOTO   TESTEAR
0036   2???           00108          GOTO   RESTAR
0037                  00109 RESTAR
0037   3004           00110          MOVLW  .4
0038   02F6           00111          SUBWF  TECLA_PRESIONADA,F
0039                  00112 TESTEAR
0039   1C74           00113          BTFSS  FUNCIONANDO,0
003A   2???           00114          GOTO   NO_FUNCIONANDO
003B   0876           00115          MOVF   TECLA_PRESIONADA,W
003C   00F2           00116          MOVWF  PISO_ACTUAL
003D   0273           00117          SUBWF  PISO_OBJETIVO,W
003E   1D03           00118          BTFSS  STATUS,Z
003F   2???           00119          GOTO   MOSTRAR
0040   1007           00120          BCF    PORTC,0
0041   1087           00121          BCF    PORTC,1
0042   18F4           00122          BTFSC  FUNCIONANDO,1
0043   2???           00123          GOTO   MOSTRAR
0044   14F4           00124          BSF    FUNCIONANDO,1
0045   303D           00125          MOVLW  .61
0046   0081           00126          MOVWF  TMR0
0047   3014           00127          MOVLW  .20
0048   00FC           00128          MOVWF  CONTADOR_TIMER
0049   3005           00129          MOVLW  .5
004A   00FD           00130          MOVWF  CONTADOR_PITS
004B   110B           00131          BCF    INTCON,T0IF
004C   168B           00132          BSF    INTCON,T0IE
004D   2???           00133          GOTO   MOSTRAR
004E                  00134 NO_FUNCIONANDO
004E   0876           00135          MOVF   TECLA_PRESIONADA,W
004F   00F3           00136          MOVWF  PISO_OBJETIVO
0050   0272           00137          SUBWF  PISO_ACTUAL,W
0051   1903           00138          BTFSC  STATUS,Z
0052   2???           00139          GOTO   MOSTRAR
MPASM 5.87                      ASCENSOR.ASM   6-16-2023  19:22:29         PAGE  4


LOC  OBJECT CODE     LINE SOURCE TEXT
  VALUE

0053   1474           00140          BSF    FUNCIONANDO,0
0054   1803           00141          BTFSC  STATUS,C
0055   2???           00142          GOTO   ARRIBA
0056   2???           00143          GOTO   ABAJO
0057                  00144 ARRIBA
0057   1407           00145          BSF    PORTC,0
0058   1087           00146          BCF    PORTC,1
0059   2???           00147          GOTO   MOSTRAR
005A                  00148 ABAJO
005A   1007           00149          BCF    PORTC,0
005B   1487           00150          BSF    PORTC,1
005C   2???           00151          GOTO   MOSTRAR
                      00152          
005D   2???           00153 MOSTRAR  CALL   MOSTRAR_DSPL
005E   2???           00154          GOTO   LOOP_MAIN
005F                  00155 EMERGENCIA
005F   1507           00156          BSF    PORTC,2
0060   2???           00157          GOTO   LOOP_MAIN
0061                  00158 MOSTRAR_DSPL
0061   0872           00159          MOVF   PISO_ACTUAL,W
0062   2???           00160          CALL   TABLA_DSPL
0063   0088           00161          MOVWF  PORTD
0064   0008           00162          RETURN
                      00163 
0065                  00164 TABLA_DSPL
0065   0782           00165          ADDWF  PCL,F
0066   343F           00166          RETLW  0x3F
0067   3406           00167          RETLW  0x06
0068   345B           00168          RETLW  0x5B
0069   344F           00169          RETLW  0x4F
006A   3466           00170          RETLW  0x66 
006B   346D           00171          RETLW  0x6D
006C   347D           00172          RETLW  0x7D
006D   3407           00173          RETLW  0x07
006E   347F           00174          RETLW  0x7F
006F   346F           00175          RETLW  0x6F
0070   3477           00176          RETLW  0x77
0071   347C           00177          RETLW  0x7C
0072   3439           00178          RETLW  0x39
0073   345E           00179          RETLW  0x5E
0074   3479           00180          RETLW  0x79
0075   3471           00181          RETLW  0x71
                      00182 
0076                  00183 TABLA_TECLADO
0076   0782           00184          ADDWF  PCL,F
0077   340A           00185          RETLW  .10
0078   3400           00186          RETLW  .0
0079   340B           00187          RETLW  .11
007A   340C           00188          RETLW  .12
007B   3407           00189          RETLW  .7
007C   3408           00190          RETLW  .8
007D   3409           00191          RETLW  .9
007E   340D           00192          RETLW  .13
MPASM 5.87                      ASCENSOR.ASM   6-16-2023  19:22:29         PAGE  5


LOC  OBJECT CODE     LINE SOURCE TEXT
  VALUE

007F   3404           00193          RETLW  .4
0080   3405           00194          RETLW  .5
0081   3406           00195          RETLW  .6
0082   340E           00196          RETLW  .14
0083   3401           00197          RETLW  .1
0084   3402           00198          RETLW  .2
0085   3403           00199          RETLW  .3
0086   340F           00200          RETLW  .15
0087                  00201 RETARDO
0087   30D2           00202         MOVLW   D'210'
0088   00F8           00203         MOVWF   DELAY1
0089   3003           00204 LOOP1   MOVLW   D'3'
008A   00F9           00205         MOVWF   DELAY2
008B   3001           00206 LOOP2   MOVLW   D'1'
008C   00FA           00207         MOVWF   DELAY3
008D   0BFA           00208 LOOP3   DECFSZ  DELAY3,F
008E   2???           00209         GOTO    LOOP3
008F   0BF9           00210         DECFSZ  DELAY2,F
0090   2???           00211         GOTO    LOOP2
0091   0BF8           00212         DECFSZ  DELAY1,F
0092   2???           00213         GOTO    LOOP1
0093   0008           00214         RETURN
0094                  00215 ISR_INICIO
                      00216         ;GUARDAR CONTEXTO
0094   00F0           00217         MOVWF   W_TEMP
0095   0E03           00218         SWAPF   STATUS,W
0096   00F1           00219         MOVWF   STATUS_TEMP
                      00220         ;INTERRUPCION
0097   190B           00221         BTFSC   INTCON,T0IF
0098   2???           00222         GOTO    ISR_TIMER
0099   1C0B           00223         BTFSS   INTCON,RBIF
009A   2???           00224         GOTO    FIN_INTE
                      00225         ;Interrupcion por Puerto B
009B   01FB           00226         CLRF    CONTADOR_TECLADO
009C   300F           00227         MOVLW   b'00001111'
009D   00F5           00228         MOVWF   SHIFTREG
009E   1003           00229 LOOPI   BCF     STATUS,C
009F   0DF5           00230         RLF     SHIFTREG,F
00A0   0875           00231         MOVF    SHIFTREG,W
00A1   0086           00232         MOVWF   PORTB
00A2   1E06           00233         BTFSS   PORTB,RB4
00A3   2???           00234         GOTO    FIN_RB
Message[305]: Using default destination of 1 (file).
00A4   0AFB           00235         INCF    CONTADOR_TECLADO
00A5   1E86           00236         BTFSS   PORTB,RB5
00A6   2???           00237         GOTO    FIN_RB
Message[305]: Using default destination of 1 (file).
00A7   0AFB           00238         INCF    CONTADOR_TECLADO
00A8   1F06           00239         BTFSS   PORTB,RB6
00A9   2???           00240         GOTO    FIN_RB
Message[305]: Using default destination of 1 (file).
00AA   0AFB           00241         INCF    CONTADOR_TECLADO
00AB   1F86           00242         BTFSS   PORTB,RB7
MPASM 5.87                      ASCENSOR.ASM   6-16-2023  19:22:29         PAGE  6


LOC  OBJECT CODE     LINE SOURCE TEXT
  VALUE

00AC   2???           00243         GOTO    FIN_RB
Message[305]: Using default destination of 1 (file).
00AD   0AFB           00244         INCF    CONTADOR_TECLADO
00AE   3010           00245         MOVLW   0x10
00AF   027B           00246         SUBWF   CONTADOR_TECLADO,W
00B0   1D03           00247         BTFSS   STATUS,Z
00B1   2???           00248         GOTO    LOOPI
00B2   2???           00249         GOTO    NINGUNA_TECLA
00B3   2???           00250 FIN_RB  CALL    RETARDO
00B4   1477           00251         BSF     PRESIONADO,0
00B5   087B           00252         MOVF    CONTADOR_TECLADO,W
00B6   2???           00253         CALL    TABLA_TECLADO
00B7   00F6           00254         MOVWF   TECLA_PRESIONADA
00B8                  00255 NINGUNA_TECLA
00B8   1283 1303      00256         BANKSEL INTCON
00BA   100B           00257         BCF     INTCON,RBIF
00BB   2???           00258         GOTO    FIN_INTE
                      00259         ;Interrupcion por timer 0
00BC                  00260 ISR_TIMER
00BC   110B           00261         BCF     INTCON,T0IF
00BD   1CF4           00262         BTFSS   FUNCIONANDO,1
00BE   2???           00263         GOTO    FIN_INTE
00BF   0BFC           00264         DECFSZ  CONTADOR_TIMER,F
00C0   2???           00265         GOTO    CONTINUE
00C1   2???           00266         GOTO    FIN_TMR0
00C2                  00267 CONTINUE
00C2   1507           00268         BSF     PORTC,2
00C3   303D           00269         MOVLW   .61
00C4   0081           00270         MOVWF   TMR0
00C5   2???           00271         GOTO    FIN_INTE
00C6                  00272 FIN_TMR0
00C6   1107           00273         BCF     PORTC,2
00C7   128B           00274         BCF     INTCON,T0IE
00C8   1074           00275         BCF     FUNCIONANDO,0
00C9   10F4           00276         BCF     FUNCIONANDO,1
                      00277         
                      00278         ;--------rutina por timer0----------------
00CA                  00279 FIN_INTE        ;RECUPERAR CONTEXTO
00CA   0E71           00280         SWAPF   STATUS_TEMP,W
00CB   0083           00281         MOVWF   STATUS
00CC   0EF0           00282         SWAPF   W_TEMP,F
00CD   0E70           00283         SWAPF   W_TEMP,W
00CE   0009           00284         RETFIE
2FF1 3FFF             00285         END
MPASM 5.87                      ASCENSOR.ASM   6-16-2023  19:22:29         PAGE  7


SYMBOL TABLE
  LABEL                             VALUE 

ABAJO                             0000005A
ABDEN                             00000000
ABDOVF                            00000007
ACKDT                             00000005
ACKEN                             00000004
ACKSTAT                           00000006
ADCON0                            0000001F
ADCON1                            0000009F
ADCS0                             00000006
ADCS1                             00000007
ADDEN                             00000003
ADFM                              00000007
ADIE                              00000006
ADIF                              00000006
ADON                              00000000
ADRESH                            0000001E
ADRESL                            0000009E
ANS0                              00000000
ANS1                              00000001
ANS10                             00000002
ANS11                             00000003
ANS12                             00000004
ANS13                             00000005
ANS2                              00000002
ANS3                              00000003
ANS4                              00000004
ANS5                              00000005
ANS6                              00000006
ANS7                              00000007
ANS8                              00000000
ANS9                              00000001
ANSEL                             00000188
ANSELH                            00000189
ARRIBA                            00000057
BAUDCTL                           00000187
BCLIE                             00000003
BCLIF                             00000003
BF                                00000000
BRG0                              00000000
BRG1                              00000001
BRG10                             00000002
BRG11                             00000003
BRG12                             00000004
BRG13                             00000005
BRG14                             00000006
BRG15                             00000007
BRG16                             00000003
BRG2                              00000002
BRG3                              00000003
BRG4                              00000004
BRG5                              00000005
BRG6                              00000006
BRG7                              00000007
MPASM 5.87                      ASCENSOR.ASM   6-16-2023  19:22:29         PAGE  8


SYMBOL TABLE
  LABEL                             VALUE 

BRG8                              00000000
BRG9                              00000001
BRGH                              00000002
C                                 00000000
C1CH0                             00000000
C1CH1                             00000001
C1IE                              00000005
C1IF                              00000005
C1OE                              00000005
C1ON                              00000007
C1OUT                             00000006
C1POL                             00000004
C1R                               00000002
C1RSEL                            00000005
C1SEN                             00000005
C2CH0                             00000000
C2CH1                             00000001
C2IE                              00000006
C2IF                              00000006
C2OE                              00000005
C2ON                              00000007
C2OUT                             00000006
C2POL                             00000004
C2R                               00000002
C2REN                             00000004
C2RSEL                            00000004
C2SYNC                            00000000
CCP1CON                           00000017
CCP1IE                            00000002
CCP1IF                            00000002
CCP1M0                            00000000
CCP1M1                            00000001
CCP1M2                            00000002
CCP1M3                            00000003
CCP1X                             00000005
CCP1Y                             00000004
CCP2CON                           0000001D
CCP2IE                            00000000
CCP2IF                            00000000
CCP2M0                            00000000
CCP2M1                            00000001
CCP2M2                            00000002
CCP2M3                            00000003
CCP2X                             00000005
CCP2Y                             00000004
CCPR1                             00000015
CCPR1H                            00000016
CCPR1L                            00000015
CCPR2                             0000001B
CCPR2H                            0000001C
CCPR2L                            0000001B
CHS0                              00000002
CHS1                              00000003
MPASM 5.87                      ASCENSOR.ASM   6-16-2023  19:22:29         PAGE  9


SYMBOL TABLE
  LABEL                             VALUE 

CHS2                              00000004
CHS3                              00000005
CKE                               00000006
CKP                               00000004
CM1CON0                           00000107
CM2CON0                           00000108
CM2CON1                           00000109
CONTADOR_PITS                     0000007D
CONTADOR_TECLADO                  0000007B
CONTADOR_TIMER                    0000007C
CONTINUE                          000000C2
CREN                              00000004
CSRC                              00000007
D                                 00000005
DATA_ADDRESS                      00000005
DC                                00000001
DC1B0                             00000004
DC1B1                             00000005
DC2B0                             00000004
DC2B1                             00000005
DELAY1                            00000078
DELAY2                            00000079
DELAY3                            0000007A
D_A                               00000005
D_NOT_A                           00000005
ECCPAS                            0000009C
ECCPAS0                           00000004
ECCPAS1                           00000005
ECCPAS2                           00000006
ECCPASE                           00000007
EEADR                             0000010D
EEADRH                            0000010F
EECON1                            0000018C
EECON2                            0000018D
EEDAT                             0000010C
EEDATA                            0000010C
EEDATH                            0000010E
EEIE                              00000004
EEIF                              00000004
EEPGD                             00000007
EMERGENCIA                        0000005F
F                                 00000001
FERR                              00000002
FIN_INTE                          000000CA
FIN_RB                            000000B3
FIN_TMR0                          000000C6
FSR                               00000004
FUNCIONANDO                       00000074
FVREN                             00000000
GCEN                              00000007
GIE                               00000007
GO                                00000001
GO_DONE                           00000001
MPASM 5.87                      ASCENSOR.ASM   6-16-2023  19:22:29         PAGE 10


SYMBOL TABLE
  LABEL                             VALUE 

GO_NOT_DONE                       00000001
HTS                               00000002
I2C_DATA                          00000005
I2C_READ                          00000002
I2C_START                         00000003
I2C_STOP                          00000004
INDF                              00000000
INICIO                            00000005
INTCON                            0000000B
INTE                              00000004
INTEDG                            00000006
INTF                              00000001
IOCB                              00000096
IOCB0                             00000000
IOCB1                             00000001
IOCB2                             00000002
IOCB3                             00000003
IOCB4                             00000004
IOCB5                             00000005
IOCB6                             00000006
IOCB7                             00000007
IRCF0                             00000004
IRCF1                             00000005
IRCF2                             00000006
IRP                               00000007
ISR_INICIO                        00000094
ISR_TIMER                         000000BC
LOOP1                             00000089
LOOP2                             0000008B
LOOP3                             0000008D
LOOPI                             0000009E
LOOP_MAIN                         00000026
LTS                               00000001
MC1OUT                            00000007
MC2OUT                            00000006
MOSTRAR                           0000005D
MOSTRAR_DSPL                      00000061
MSK                               00000093
MSK0                              00000000
MSK1                              00000001
MSK2                              00000002
MSK3                              00000003
MSK4                              00000004
MSK5                              00000005
MSK6                              00000006
MSK7                              00000007
NINGUNA_TECLA                     000000B8
NOT_A                             00000005
NOT_ADDRESS                       00000005
NOT_BO                            00000000
NOT_BOR                           00000000
NOT_DONE                          00000001
NOT_PD                            00000003
MPASM 5.87                      ASCENSOR.ASM   6-16-2023  19:22:29         PAGE 11


SYMBOL TABLE
  LABEL                             VALUE 

NOT_POR                           00000001
NOT_RBPU                          00000007
NOT_RC8                           00000006
NOT_T1SYNC                        00000002
NOT_TO                            00000004
NOT_TX8                           00000006
NOT_W                             00000002
NOT_WRITE                         00000002
NO_FUNCIONANDO                    0000004E
OERR                              00000001
OPTION_REG                        00000081
OSCCON                            0000008F
OSCTUNE                           00000090
OSFIE                             00000007
OSFIF                             00000007
OSTS                              00000003
P                                 00000004
P1M0                              00000006
P1M1                              00000007
PCL                               00000002
PCLATH                            0000000A
PCON                              0000008E
PDC0                              00000000
PDC1                              00000001
PDC2                              00000002
PDC3                              00000003
PDC4                              00000004
PDC5                              00000005
PDC6                              00000006
PEIE                              00000006
PEN                               00000002
PIE1                              0000008C
PIE2                              0000008D
PIR1                              0000000C
PIR2                              0000000D
PISO_ACTUAL                       00000072
PISO_OBJETIVO                     00000073
PORTA                             00000005
PORTB                             00000006
PORTC                             00000007
PORTD                             00000008
PORTE                             00000009
PR2                               00000092
PRESIONADO                        00000077
PRSEN                             00000007
PS0                               00000000
PS1                               00000001
PS2                               00000002
PSA                               00000003
PSSAC0                            00000002
PSSAC1                            00000003
PSSBD0                            00000000
PSSBD1                            00000001
MPASM 5.87                      ASCENSOR.ASM   6-16-2023  19:22:29         PAGE 12


SYMBOL TABLE
  LABEL                             VALUE 

PSTRCON                           0000009D
PULSR                             00000002
PULSS                             00000003
PWM1CON                           0000009B
R                                 00000002
RA0                               00000000
RA1                               00000001
RA2                               00000002
RA3                               00000003
RA4                               00000004
RA5                               00000005
RA6                               00000006
RA7                               00000007
RB0                               00000000
RB1                               00000001
RB2                               00000002
RB3                               00000003
RB4                               00000004
RB5                               00000005
RB6                               00000006
RB7                               00000007
RBIE                              00000003
RBIF                              00000000
RC0                               00000000
RC1                               00000001
RC2                               00000002
RC3                               00000003
RC4                               00000004
RC5                               00000005
RC6                               00000006
RC7                               00000007
RC8_9                             00000006
RC9                               00000006
RCD8                              00000000
RCEN                              00000003
RCIDL                             00000006
RCIE                              00000005
RCIF                              00000005
RCREG                             0000001A
RCSTA                             00000018
RD                                00000000
RD0                               00000000
RD1                               00000001
RD2                               00000002
RD3                               00000003
RD4                               00000004
RD5                               00000005
RD6                               00000006
RD7                               00000007
RE0                               00000000
RE1                               00000001
RE2                               00000002
RE3                               00000003
MPASM 5.87                      ASCENSOR.ASM   6-16-2023  19:22:29         PAGE 13


SYMBOL TABLE
  LABEL                             VALUE 

READ_WRITE                        00000002
RESTAR                            00000037
RETARDO                           00000087
RP0                               00000005
RP1                               00000006
RSEN                              00000001
RX9                               00000006
RX9D                              00000000
R_NOT_W                           00000002
R_W                               00000002
S                                 00000003
SBOREN                            00000004
SCKP                              00000004
SCS                               00000000
SEN                               00000000
SENDB                             00000003
SHIFTREG                          00000075
SMP                               00000007
SONANDO                           00000001
SPBRG                             00000099
SPBRGH                            0000009A
SPEN                              00000007
SR0                               00000006
SR1                               00000007
SRCON                             00000185
SREN                              00000005
SSPADD                            00000093
SSPBUF                            00000013
SSPCON                            00000014
SSPCON2                           00000091
SSPEN                             00000005
SSPIE                             00000003
SSPIF                             00000003
SSPM0                             00000000
SSPM1                             00000001
SSPM2                             00000002
SSPM3                             00000003
SSPMSK                            00000093
SSPOV                             00000006
SSPSTAT                           00000094
STATUS                            00000003
STATUS_TEMP                       00000071
STRA                              00000000
STRB                              00000001
STRC                              00000002
STRD                              00000003
STRSYNC                           00000004
SWDTEN                            00000000
SYNC                              00000004
T0CS                              00000005
T0IE                              00000005
T0IF                              00000002
T0SE                              00000004
MPASM 5.87                      ASCENSOR.ASM   6-16-2023  19:22:29         PAGE 14


SYMBOL TABLE
  LABEL                             VALUE 

T1CKPS0                           00000004
T1CKPS1                           00000005
T1CON                             00000010
T1GINV                            00000007
T1GIV                             00000007
T1GSS                             00000001
T1INSYNC                          00000002
T1OSCEN                           00000003
T1SYNC                            00000002
T2CKPS0                           00000000
T2CKPS1                           00000001
T2CON                             00000012
TABLA_DSPL                        00000065
TABLA_TECLADO                     00000076
TECLA_PRESIONADA                  00000076
TESTEAR                           00000039
TMR0                              00000001
TMR0IE                            00000005
TMR0IF                            00000002
TMR1                              0000000E
TMR1CS                            00000001
TMR1GE                            00000006
TMR1H                             0000000F
TMR1IE                            00000000
TMR1IF                            00000000
TMR1L                             0000000E
TMR1ON                            00000000
TMR2                              00000011
TMR2IE                            00000001
TMR2IF                            00000001
TMR2ON                            00000002
TOUTPS0                           00000003
TOUTPS1                           00000004
TOUTPS2                           00000005
TOUTPS3                           00000006
TRISA                             00000085
TRISA0                            00000000
TRISA1                            00000001
TRISA2                            00000002
TRISA3                            00000003
TRISA4                            00000004
TRISA5                            00000005
TRISA6                            00000006
TRISA7                            00000007
TRISB                             00000086
TRISB0                            00000000
TRISB1                            00000001
TRISB2                            00000002
TRISB3                            00000003
TRISB4                            00000004
TRISB5                            00000005
TRISB6                            00000006
TRISB7                            00000007
MPASM 5.87                      ASCENSOR.ASM   6-16-2023  19:22:29         PAGE 15


SYMBOL TABLE
  LABEL                             VALUE 

TRISC                             00000087
TRISC0                            00000000
TRISC1                            00000001
TRISC2                            00000002
TRISC3                            00000003
TRISC4                            00000004
TRISC5                            00000005
TRISC6                            00000006
TRISC7                            00000007
TRISD                             00000088
TRISD0                            00000000
TRISD1                            00000001
TRISD2                            00000002
TRISD3                            00000003
TRISD4                            00000004
TRISD5                            00000005
TRISD6                            00000006
TRISD7                            00000007
TRISE                             00000089
TRISE0                            00000000
TRISE1                            00000001
TRISE2                            00000002
TRISE3                            00000003
TRMT                              00000001
TUN0                              00000000
TUN1                              00000001
TUN2                              00000002
TUN3                              00000003
TUN4                              00000004
TX8_9                             00000006
TX9                               00000006
TX9D                              00000000
TXD8                              00000000
TXEN                              00000005
TXIE                              00000004
TXIF                              00000004
TXREG                             00000019
TXSTA                             00000098
UA                                00000001
ULPWUE                            00000005
ULPWUIE                           00000002
ULPWUIF                           00000002
VCFG0                             00000004
VCFG1                             00000005
VERIF2                            00000032
VR0                               00000000
VR1                               00000001
VR2                               00000002
VR3                               00000003
VRCON                             00000097
VREN                              00000007
VROE                              00000006
VRR                               00000005
MPASM 5.87                      ASCENSOR.ASM   6-16-2023  19:22:29         PAGE 16


SYMBOL TABLE
  LABEL                             VALUE 

VRSS                              00000004
W                                 00000000
WCOL                              00000007
WDTCON                            00000105
WDTPS0                            00000001
WDTPS1                            00000002
WDTPS2                            00000003
WDTPS3                            00000004
WPUB                              00000095
WPUB0                             00000000
WPUB1                             00000001
WPUB2                             00000002
WPUB3                             00000003
WPUB4                             00000004
WPUB5                             00000005
WPUB6                             00000006
WPUB7                             00000007
WR                                00000001
WREN                              00000002
WRERR                             00000003
WUE                               00000001
W_TEMP                            00000070
Z                                 00000002
_BOR21V                           00003EFF
_BOR40V                           00003FFF
_BOR4V_BOR21V                     00003EFF
_BOR4V_BOR40V                     00003FFF
_BOREN_NSLEEP                     00003EFF
_BOREN_OFF                        00003CFF
_BOREN_ON                         00003FFF
_BOREN_SBODEN                     00003DFF
_BOR_NSLEEP                       00003EFF
_BOR_OFF                          00003CFF
_BOR_ON                           00003FFF
_BOR_SBODEN                       00003DFF
_CONFIG1                          00002007
_CONFIG2                          00002008
_CPD_OFF                          00003FFF
_CPD_ON                           00003F7F
_CP_OFF                           00003FFF
_CP_ON                            00003FBF
_DEBUG_OFF                        00003FFF
_DEBUG_ON                         00001FFF
_DEVID1                           00002006
_EC_OSC                           00003FFB
_EXTRC                            00003FFF
_EXTRCIO                          00003FFE
_EXTRC_OSC_CLKOUT                 00003FFF
_EXTRC_OSC_NOCLKOUT               00003FFE
_FCMEN_OFF                        000037FF
_FCMEN_ON                         00003FFF
_FOSC_EC                          00003FFB
_FOSC_EXTRC_CLKOUT                00003FFF
MPASM 5.87                      ASCENSOR.ASM   6-16-2023  19:22:29         PAGE 17


SYMBOL TABLE
  LABEL                             VALUE 

_FOSC_EXTRC_NOCLKOUT              00003FFE
_FOSC_HS                          00003FFA
_FOSC_INTRC_CLKOUT                00003FFD
_FOSC_INTRC_NOCLKOUT              00003FFC
_FOSC_LP                          00003FF8
_FOSC_XT                          00003FF9
_HS_OSC                           00003FFA
_IDLOC0                           00002000
_IDLOC1                           00002001
_IDLOC2                           00002002
_IDLOC3                           00002003
_IESO_OFF                         00003BFF
_IESO_ON                          00003FFF
_INTOSC                           00003FFD
_INTOSCIO                         00003FFC
_INTRC_OSC_CLKOUT                 00003FFD
_INTRC_OSC_NOCLKOUT               00003FFC
_LP_OSC                           00003FF8
_LVP_OFF                          00002FFF
_LVP_ON                           00003FFF
_MCLRE_OFF                        00003FDF
_MCLRE_ON                         00003FFF
_PWRTE_OFF                        00003FFF
_PWRTE_ON                         00003FEF
_WDTE_OFF                         00003FF7
_WDTE_ON                          00003FFF
_WDT_OFF                          00003FF7
_WDT_ON                           00003FFF
_WRT_1FOURTH                      00003BFF
_WRT_256                          00003DFF
_WRT_HALF                         000039FF
_WRT_OFF                          00003FFF
_XT_OSC                           00003FF9
__16F887                          00000001

Errors   :     0
Warnings :     1 reported,     0 suppressed
Messages :    11 reported,     0 suppressed

